[INFO  - 2020-04-23T14:20:47.493Z] GhostDriver - Main - running on port 60215
[INFO  - 2020-04-23T14:20:48.416Z] Session [a0cfe4d0-856d-11ea-a328-d196cab2c650] - page.settings - {"XSSAuditingEnabled":false,"javascriptCanCloseWindows":true,"javascriptCanOpenWindows":true,"javascriptEnabled":true,"loadImages":true,"localToRemoteUrlAccessEnabled":false,"userAgent":"Mozilla/5.0 (Unknown; Linux x86_64) AppleWebKit/538.1 (KHTML, like Gecko) PhantomJS/2.1.1 Safari/538.1","webSecurityEnabled":true}
[INFO  - 2020-04-23T14:20:48.416Z] Session [a0cfe4d0-856d-11ea-a328-d196cab2c650] - page.customHeaders:  - {}
[INFO  - 2020-04-23T14:20:48.416Z] Session [a0cfe4d0-856d-11ea-a328-d196cab2c650] - Session.negotiatedCapabilities - {"browserName":"phantomjs","version":"2.1.1","driverName":"ghostdriver","driverVersion":"1.2.0","platform":"linux-unknown-64bit","javascriptEnabled":true,"takesScreenshot":true,"handlesAlerts":false,"databaseEnabled":false,"locationContextEnabled":false,"applicationCacheEnabled":false,"browserConnectionEnabled":false,"cssSelectorsEnabled":true,"webStorageEnabled":false,"rotatable":false,"acceptSslCerts":false,"nativeEvents":true,"proxy":{"proxyType":"direct"}}
[INFO  - 2020-04-23T14:20:48.416Z] SessionManagerReqHand - _postNewSessionCommand - New Session Created: a0cfe4d0-856d-11ea-a328-d196cab2c650
[ERROR - 2020-04-23T14:20:48.983Z] Session [a0cfe4d0-856d-11ea-a328-d196cab2c650] - page.onError - msg: TypeError: undefined is not a function (evaluating 'eagerImgs.forEach(listenToImgOnLoad)')

  phantomjs://platform/console++.js:263 in error
[ERROR - 2020-04-23T14:20:48.983Z] Session [a0cfe4d0-856d-11ea-a328-d196cab2c650] - page.onError - stack:
  global code (https://unsplash.com/s/photos/clear%20sky?orientation=landscape:64)

  phantomjs://platform/console++.js:263 in error
[ERROR - 2020-04-23T14:20:49.366Z] Session [a0cfe4d0-856d-11ea-a328-d196cab2c650] - page.onError - msg: TypeError: undefined is not a function (evaluating 'window.performClientRender()')

  phantomjs://platform/console++.js:263 in error
[ERROR - 2020-04-23T14:20:49.366Z] Session [a0cfe4d0-856d-11ea-a328-d196cab2c650] - page.onError - stack:
  global code (https://unsplash.com/s/photos/clear%20sky?orientation=landscape:66)

  phantomjs://platform/console++.js:263 in error
[ERROR - 2020-04-23T14:20:52.337Z] Session [a0cfe4d0-856d-11ea-a328-d196cab2c650] - page.onError - msg: TypeError: undefined is not a function (evaluating 'eagerImgs.forEach(listenToImgOnLoad)')

  phantomjs://platform/console++.js:263 in error
[ERROR - 2020-04-23T14:20:52.337Z] Session [a0cfe4d0-856d-11ea-a328-d196cab2c650] - page.onError - stack:
  global code (https://unsplash.com/s/photos/clear%20sky?orientation=landscape:64)

  phantomjs://platform/console++.js:263 in error
[ERROR - 2020-04-23T14:20:52.348Z] Session [a0cfe4d0-856d-11ea-a328-d196cab2c650] - page.onError - msg: TypeError: undefined is not a function (evaluating 'window.performClientRender()')

  phantomjs://platform/console++.js:263 in error
[ERROR - 2020-04-23T14:20:52.348Z] Session [a0cfe4d0-856d-11ea-a328-d196cab2c650] - page.onError - stack:
  global code (https://unsplash.com/s/photos/clear%20sky?orientation=landscape:66)

  phantomjs://platform/console++.js:263 in error
[ERROR - 2020-04-23T14:20:54.924Z] Session [a0cfe4d0-856d-11ea-a328-d196cab2c650] - page.onError - msg: TypeError: undefined is not a function (evaluating 'eagerImgs.forEach(listenToImgOnLoad)')

  phantomjs://platform/console++.js:263 in error
[ERROR - 2020-04-23T14:20:54.924Z] Session [a0cfe4d0-856d-11ea-a328-d196cab2c650] - page.onError - stack:
  global code (https://unsplash.com/s/photos/clear%20sky?orientation=landscape:64)

  phantomjs://platform/console++.js:263 in error
[ERROR - 2020-04-23T14:20:54.939Z] Session [a0cfe4d0-856d-11ea-a328-d196cab2c650] - page.onError - msg: TypeError: undefined is not a function (evaluating 'window.performClientRender()')

  phantomjs://platform/console++.js:263 in error
[ERROR - 2020-04-23T14:20:54.939Z] Session [a0cfe4d0-856d-11ea-a328-d196cab2c650] - page.onError - stack:
  global code (https://unsplash.com/s/photos/clear%20sky?orientation=landscape:66)

  phantomjs://platform/console++.js:263 in error
[ERROR - 2020-04-23T14:20:57.650Z] Session [a0cfe4d0-856d-11ea-a328-d196cab2c650] - page.onError - msg: TypeError: undefined is not a function (evaluating 'eagerImgs.forEach(listenToImgOnLoad)')

  phantomjs://platform/console++.js:263 in error
[ERROR - 2020-04-23T14:20:57.650Z] Session [a0cfe4d0-856d-11ea-a328-d196cab2c650] - page.onError - stack:
  global code (https://unsplash.com/s/photos/clear%20sky?orientation=landscape:64)

  phantomjs://platform/console++.js:263 in error
[ERROR - 2020-04-23T14:20:57.665Z] Session [a0cfe4d0-856d-11ea-a328-d196cab2c650] - page.onError - msg: TypeError: undefined is not a function (evaluating 'window.performClientRender()')

  phantomjs://platform/console++.js:263 in error
[ERROR - 2020-04-23T14:20:57.665Z] Session [a0cfe4d0-856d-11ea-a328-d196cab2c650] - page.onError - stack:
  global code (https://unsplash.com/s/photos/clear%20sky?orientation=landscape:66)

  phantomjs://platform/console++.js:263 in error
